  main.cpp
c:\repository\matrix-2018-09\algebra\main.cpp(38): warning C4778: 'printf' : unterminated format string '%'
c:\repository\matrix-2018-09\algebra\main.cpp(39): warning C4778: 'printf' : unterminated format string '%'
c:\repository\matrix-2018-09\algebra\main.cpp(59): warning C4778: 'printf' : unterminated format string '%'
c:\repository\matrix-2018-09\algebra\main.cpp(60): warning C4778: 'printf' : unterminated format string '%'
c:\repository\matrix-2018-09\algebra\main.cpp(99): warning C4778: 'printf' : unterminated format string '%'
c:\repository\matrix-2018-09\algebra\main.cpp(100): warning C4778: 'printf' : unterminated format string '%'
c:\repository\matrix-2018-09\algebra\main.cpp(122): warning C4778: 'printf' : unterminated format string '%'
c:\repository\matrix-2018-09\algebra\main.cpp(123): warning C4778: 'printf' : unterminated format string '%'
c:\repository\matrix-2018-09\algebra\main.cpp(152): warning C4778: 'printf' : unterminated format string '%'
c:\repository\matrix-2018-09\algebra\main.cpp(153): warning C4778: 'printf' : unterminated format string '%'
c:\repository\matrix-2018-09\algebra\main.cpp(175): warning C4778: 'printf' : unterminated format string '%'
c:\repository\matrix-2018-09\algebra\main.cpp(176): warning C4778: 'printf' : unterminated format string '%'
c:\repository\matrix-2018-09\algebra\main.cpp(195): warning C4778: 'printf' : unterminated format string '%'
c:\repository\matrix-2018-09\algebra\main.cpp(196): warning C4778: 'printf' : unterminated format string '%'
  Matrix.cpp
  Generating Code...
  Algebra.vcxproj -> C:\Repository\Matrix-2018-09\x64\Debug\Algebra.exe
  Copy LAPACK dlls to exe directory
  C:\Repository\Matrix-2018-09\Binaries\libblas.dll
  C:\Repository\Matrix-2018-09\Binaries\libgcc_s_seh-1.dll
  C:\Repository\Matrix-2018-09\Binaries\libgfortran-3.dll
  C:\Repository\Matrix-2018-09\Binaries\liblapack.dll
  C:\Repository\Matrix-2018-09\Binaries\libquadmath-0.dll
  5 File(s) copied
